{"/Users/zakzangrandocardoso/Code/GitHub/flashcards/src/components/LogInSignUp.jsx": {"path":"/Users/zakzangrandocardoso/Code/GitHub/flashcards/src/components/LogInSignUp.jsx","statementMap":{"0":{"start":{"line":12,"column":4},"end":{"line":12,"column":17}},"1":{"start":{"line":13,"column":4},"end":{"line":17,"column":6}},"2":{"start":{"line":21,"column":4},"end":{"line":21,"column":50}},"3":{"start":{"line":24,"column":4},"end":{"line":24,"column":67}},"4":{"start":{"line":25,"column":4},"end":{"line":25,"column":69}},"5":{"start":{"line":26,"column":4},"end":{"line":26,"column":59}},"6":{"start":{"line":34,"column":4},"end":{"line":36,"column":8}},"7":{"start":{"line":34,"column":30},"end":{"line":36,"column":5}},"8":{"start":{"line":44,"column":4},"end":{"line":82,"column":6}},"9":{"start":{"line":87,"column":4},"end":{"line":93,"column":6}},"10":{"start":{"line":97,"column":4},"end":{"line":97,"column":69}}},"fnMap":{"0":{"name":"(anonymous_0)","decl":{"start":{"line":11,"column":2},"end":{"line":11,"column":3}},"loc":{"start":{"line":11,"column":21},"end":{"line":27,"column":3}},"line":11},"1":{"name":"(anonymous_1)","decl":{"start":{"line":33,"column":2},"end":{"line":33,"column":3}},"loc":{"start":{"line":33,"column":24},"end":{"line":37,"column":3}},"line":33},"2":{"name":"(anonymous_2)","decl":{"start":{"line":34,"column":18},"end":{"line":34,"column":19}},"loc":{"start":{"line":34,"column":30},"end":{"line":36,"column":5}},"line":34},"3":{"name":"(anonymous_3)","decl":{"start":{"line":43,"column":2},"end":{"line":43,"column":3}},"loc":{"start":{"line":43,"column":25},"end":{"line":83,"column":3}},"line":43},"4":{"name":"(anonymous_4)","decl":{"start":{"line":85,"column":2},"end":{"line":85,"column":3}},"loc":{"start":{"line":85,"column":20},"end":{"line":94,"column":3}},"line":85},"5":{"name":"(anonymous_5)","decl":{"start":{"line":96,"column":2},"end":{"line":96,"column":3}},"loc":{"start":{"line":96,"column":11},"end":{"line":98,"column":3}},"line":96}},"branchMap":{"0":{"loc":{"start":{"line":60,"column":13},"end":{"line":64,"column":13}},"type":"cond-expr","locations":[{"start":{"line":61,"column":14},"end":{"line":61,"column":36}},{"start":{"line":63,"column":14},"end":{"line":63,"column":36}}],"line":60},"1":{"loc":{"start":{"line":66,"column":11},"end":{"line":79,"column":11}},"type":"cond-expr","locations":[{"start":{"line":67,"column":12},"end":{"line":71,"column":14}},{"start":{"line":73,"column":12},"end":{"line":78,"column":14}}],"line":66},"2":{"loc":{"start":{"line":89,"column":9},"end":{"line":91,"column":39}},"type":"cond-expr","locations":[{"start":{"line":90,"column":12},"end":{"line":90,"column":37}},{"start":{"line":91,"column":12},"end":{"line":91,"column":39}}],"line":89}},"s":{"0":1,"1":1,"2":1,"3":0,"4":0,"5":0,"6":0,"7":0,"8":0,"9":0,"10":0},"f":{"0":1,"1":0,"2":0,"3":0,"4":0,"5":0},"b":{"0":[0,0],"1":[0,0],"2":[0,0]},"_coverageSchema":"43e27e138ebf9cfc5966b082cf9a028302ed4184","hash":"9a6cd98d96b7214b4ba17a31e6b262f3119fcad0"}
}
