TN:
SF:/Users/zakzangrandocardoso/Code/GitHub/flashcards/src/components/LogInSignUp.jsx
FN:11,(anonymous_0)
FN:33,(anonymous_1)
FN:34,(anonymous_2)
FN:43,(anonymous_3)
FN:85,(anonymous_4)
FN:96,(anonymous_5)
FNF:6
FNH:1
FNDA:1,(anonymous_0)
FNDA:0,(anonymous_1)
FNDA:0,(anonymous_2)
FNDA:0,(anonymous_3)
FNDA:0,(anonymous_4)
FNDA:0,(anonymous_5)
DA:12,1
DA:13,1
DA:21,1
DA:24,0
DA:25,0
DA:26,0
DA:34,0
DA:44,0
DA:87,0
DA:97,0
LF:10
LH:3
BRDA:60,0,0,0
BRDA:60,0,1,0
BRDA:66,1,0,0
BRDA:66,1,1,0
BRDA:89,2,0,0
BRDA:89,2,1,0
BRF:6
BRH:0
end_of_record
